
---------------------------------

cg

***************
no prefetching
./run_tests_fig4_x86.sh: line 11: ./cg-no: No such file or directory
./run_tests_fig4_x86.sh: line 11: ./cg-no: No such file or directory
./run_tests_fig4_x86.sh: line 11: ./cg-no: No such file or directory

***************
auto prefetching
./run_tests_fig4_x86.sh: line 15: ./cg-auto: No such file or directory
./run_tests_fig4_x86.sh: line 15: ./cg-auto: No such file or directory
./run_tests_fig4_x86.sh: line 15: ./cg-auto: No such file or directory

***************
manual prefetching
./run_tests_fig4_x86.sh: line 19: ./cg-man: No such file or directory
./run_tests_fig4_x86.sh: line 19: ./cg-man: No such file or directory
./run_tests_fig4_x86.sh: line 19: ./cg-man: No such file or directory

---------------------------------

is

***************
no prefetching
./run_tests_fig4_x86.sh: line 28: ./is-no: No such file or directory
./run_tests_fig4_x86.sh: line 28: ./is-no: No such file or directory
./run_tests_fig4_x86.sh: line 28: ./is-no: No such file or directory

***************
auto prefetching
./run_tests_fig4_x86.sh: line 32: ./is-auto: No such file or directory
./run_tests_fig4_x86.sh: line 32: ./is-auto: No such file or directory
./run_tests_fig4_x86.sh: line 32: ./is-auto: No such file or directory

***************
manual prefetching
./run_tests_fig4_x86.sh: line 36: ./is-man: No such file or directory
./run_tests_fig4_x86.sh: line 36: ./is-man: No such file or directory
./run_tests_fig4_x86.sh: line 36: ./is-man: No such file or directory

---------------------------------

randacc

***************
no prefetching

real	0m0.433s
user	0m0.384s
sys	0m0.048s

real	0m0.390s
user	0m0.366s
sys	0m0.024s

real	0m0.389s
user	0m0.369s
sys	0m0.020s

***************
auto prefetching

real	0m0.317s
user	0m0.296s
sys	0m0.020s

real	0m0.318s
user	0m0.294s
sys	0m0.024s

real	0m0.319s
user	0m0.294s
sys	0m0.024s

***************
manual prefetching

real	0m0.311s
user	0m0.283s
sys	0m0.028s

real	0m0.308s
user	0m0.288s
sys	0m0.020s

real	0m0.310s
user	0m0.294s
sys	0m0.016s

---------------------------------

hj2

***************
no prefetching
[INFO ] Creating relation R with size = 97.656 MiB, #tuples = 12800000 : OK 
[INFO ] Creating relation S with size = 97.656 MiB, #tuples = 12800000 : 5440458318 	 4160914654 	 0 OK 
[INFO ] Running join algorithm NPO_st ...
time : 0.337408
RUNTIME TOTAL, BUILD, PART (cycles): 

TOTAL-TIME-USECS, TOTAL-TUPLES, CYCLES-PER-TUPLE: 
1434726.0000 	 12800000 	 425.0358 
[INFO ] Results = 12800000. DONE.
[INFO ] Creating relation R with size = 97.656 MiB, #tuples = 12800000 : OK 
[INFO ] Creating relation S with size = 97.656 MiB, #tuples = 12800000 : 5484361438 	 4190173194 	 0 OK 
[INFO ] Running join algorithm NPO_st ...
time : 0.341266
RUNTIME TOTAL, BUILD, PART (cycles): 

TOTAL-TIME-USECS, TOTAL-TUPLES, CYCLES-PER-TUPLE: 
1446303.0000 	 12800000 	 428.4657 
[INFO ] Results = 12800000. DONE.
[INFO ] Creating relation R with size = 97.656 MiB, #tuples = 12800000 : OK 
[INFO ] Creating relation S with size = 97.656 MiB, #tuples = 12800000 : 5432557562 	 4154907416 	 0 OK 
[INFO ] Running join algorithm NPO_st ...
time : 0.336912
RUNTIME TOTAL, BUILD, PART (cycles): 

TOTAL-TIME-USECS, TOTAL-TUPLES, CYCLES-PER-TUPLE: 
1432641.0000 	 12800000 	 424.4186 
[INFO ] Results = 12800000. DONE.

***************
auto prefetching
[INFO ] Creating relation R with size = 97.656 MiB, #tuples = 12800000 : OK 
[INFO ] Creating relation S with size = 97.656 MiB, #tuples = 12800000 : 5480170382 	 4198018918 	 0 OK 
[INFO ] Running join algorithm NPO_st ...
time : 0.338090
RUNTIME TOTAL, BUILD, PART (cycles): 

TOTAL-TIME-USECS, TOTAL-TUPLES, CYCLES-PER-TUPLE: 
1445197.0000 	 12800000 	 428.1383 
[INFO ] Results = 12800000. DONE.
[INFO ] Creating relation R with size = 97.656 MiB, #tuples = 12800000 : OK 
[INFO ] Creating relation S with size = 97.656 MiB, #tuples = 12800000 : 5411525020 	 4144943442 	 0 OK 
[INFO ] Running join algorithm NPO_st ...
time : 0.333995
RUNTIME TOTAL, BUILD, PART (cycles): 

TOTAL-TIME-USECS, TOTAL-TUPLES, CYCLES-PER-TUPLE: 
1427095.0000 	 12800000 	 422.7754 
[INFO ] Results = 12800000. DONE.
[INFO ] Creating relation R with size = 97.656 MiB, #tuples = 12800000 : OK 
[INFO ] Creating relation S with size = 97.656 MiB, #tuples = 12800000 : 5471294556 	 4191653184 	 0 OK 
[INFO ] Running join algorithm NPO_st ...
time : 0.337442
RUNTIME TOTAL, BUILD, PART (cycles): 

TOTAL-TIME-USECS, TOTAL-TUPLES, CYCLES-PER-TUPLE: 
1442857.0000 	 12800000 	 427.4449 
[INFO ] Results = 12800000. DONE.

***************
manual prefetching
[INFO ] Creating relation R with size = 97.656 MiB, #tuples = 12800000 : OK 
[INFO ] Creating relation S with size = 97.656 MiB, #tuples = 12800000 : 4628699958 	 4142144624 	 0 OK 
[INFO ] Running join algorithm NPO_st ...
time : 0.128296
RUNTIME TOTAL, BUILD, PART (cycles): 

TOTAL-TIME-USECS, TOTAL-TUPLES, CYCLES-PER-TUPLE: 
1220653.0000 	 12800000 	 361.6172 
[INFO ] Results = 12800000. DONE.
[INFO ] Creating relation R with size = 97.656 MiB, #tuples = 12800000 : OK 
[INFO ] Creating relation S with size = 97.656 MiB, #tuples = 12800000 : 4679954318 	 4190784794 	 0 OK 
[INFO ] Running join algorithm NPO_st ...
time : 0.128984
RUNTIME TOTAL, BUILD, PART (cycles): 

TOTAL-TIME-USECS, TOTAL-TUPLES, CYCLES-PER-TUPLE: 
1234170.0000 	 12800000 	 365.6214 
[INFO ] Results = 12800000. DONE.
[INFO ] Creating relation R with size = 97.656 MiB, #tuples = 12800000 : OK 
[INFO ] Creating relation S with size = 97.656 MiB, #tuples = 12800000 : 4638390408 	 4151168992 	 0 OK 
[INFO ] Running join algorithm NPO_st ...
time : 0.128472
RUNTIME TOTAL, BUILD, PART (cycles): 

TOTAL-TIME-USECS, TOTAL-TUPLES, CYCLES-PER-TUPLE: 
1223208.0000 	 12800000 	 362.3743 
[INFO ] Results = 12800000. DONE.

---------------------------------

hj8
./run_tests_fig4_x86.sh: line 75: cd: ../../../hashjoin-ph-8/src/bin/x86: No such file or directory

***************
no prefetching
[INFO ] Creating relation R with size = 97.656 MiB, #tuples = 12800000 : OK 
[INFO ] Creating relation S with size = 97.656 MiB, #tuples = 12800000 : 11461172468 	 6513911804 	 0 OK 
[INFO ] Running join algorithm NPO_st ...
time : 1.304599
RUNTIME TOTAL, BUILD, PART (cycles): 

TOTAL-TIME-USECS, TOTAL-TUPLES, CYCLES-PER-TUPLE: 
3022472.0000 	 12800000 	 895.4041 
[INFO ] Results = 12800000. DONE.
[INFO ] Creating relation R with size = 97.656 MiB, #tuples = 12800000 : OK 
[INFO ] Creating relation S with size = 97.656 MiB, #tuples = 12800000 : 11548711296 	 6434959092 	 0 OK 
[INFO ] Running join algorithm NPO_st ...
time : 1.348491
RUNTIME TOTAL, BUILD, PART (cycles): 

TOTAL-TIME-USECS, TOTAL-TUPLES, CYCLES-PER-TUPLE: 
3045557.0000 	 12800000 	 902.2431 
[INFO ] Results = 12800000. DONE.
[INFO ] Creating relation R with size = 97.656 MiB, #tuples = 12800000 : OK 
[INFO ] Creating relation S with size = 97.656 MiB, #tuples = 12800000 : 11478556832 	 6483309964 	 0 OK 
[INFO ] Running join algorithm NPO_st ...
time : 1.317265
RUNTIME TOTAL, BUILD, PART (cycles): 

TOTAL-TIME-USECS, TOTAL-TUPLES, CYCLES-PER-TUPLE: 
3027056.0000 	 12800000 	 896.7623 
[INFO ] Results = 12800000. DONE.

***************
auto prefetching
[INFO ] Creating relation R with size = 97.656 MiB, #tuples = 12800000 : OK 
[INFO ] Creating relation S with size = 97.656 MiB, #tuples = 12800000 : 11202263466 	 6392490198 	 0 OK 
[INFO ] Running join algorithm NPO_st ...
time : 1.268366
RUNTIME TOTAL, BUILD, PART (cycles): 

TOTAL-TIME-USECS, TOTAL-TUPLES, CYCLES-PER-TUPLE: 
2954194.0000 	 12800000 	 875.1768 
[INFO ] Results = 12800000. DONE.
[INFO ] Creating relation R with size = 97.656 MiB, #tuples = 12800000 : OK 
[INFO ] Creating relation S with size = 97.656 MiB, #tuples = 12800000 : 11342349742 	 6476110158 	 0 OK 
[INFO ] Running join algorithm NPO_st ...
time : 1.283245
RUNTIME TOTAL, BUILD, PART (cycles): 

TOTAL-TIME-USECS, TOTAL-TUPLES, CYCLES-PER-TUPLE: 
2991137.0000 	 12800000 	 886.1211 
[INFO ] Results = 12800000. DONE.
[INFO ] Creating relation R with size = 97.656 MiB, #tuples = 12800000 : OK 
[INFO ] Creating relation S with size = 97.656 MiB, #tuples = 12800000 : 11237180118 	 6423097782 	 0 OK 
[INFO ] Running join algorithm NPO_st ...
time : 1.269508
RUNTIME TOTAL, BUILD, PART (cycles): 

TOTAL-TIME-USECS, TOTAL-TUPLES, CYCLES-PER-TUPLE: 
2963402.0000 	 12800000 	 877.9047 
[INFO ] Results = 12800000. DONE.

***************
manual prefetching
[INFO ] Creating relation R with size = 97.656 MiB, #tuples = 12800000 : OK 
[INFO ] Creating relation S with size = 97.656 MiB, #tuples = 12800000 : 8518770908 	 6383449670 	 0 OK 
[INFO ] Running join algorithm NPO_st ...
time : 0.563083
RUNTIME TOTAL, BUILD, PART (cycles): 

TOTAL-TIME-USECS, TOTAL-TUPLES, CYCLES-PER-TUPLE: 
2246519.0000 	 12800000 	 665.5290 
[INFO ] Results = 12800000. DONE.
[INFO ] Creating relation R with size = 97.656 MiB, #tuples = 12800000 : OK 
[INFO ] Creating relation S with size = 97.656 MiB, #tuples = 12800000 : 8501822066 	 6378629816 	 0 OK 
[INFO ] Running join algorithm NPO_st ...
time : 0.559881
RUNTIME TOTAL, BUILD, PART (cycles): 

TOTAL-TIME-USECS, TOTAL-TUPLES, CYCLES-PER-TUPLE: 
2242050.0000 	 12800000 	 664.2048 
[INFO ] Results = 12800000. DONE.
[INFO ] Creating relation R with size = 97.656 MiB, #tuples = 12800000 : OK 
[INFO ] Creating relation S with size = 97.656 MiB, #tuples = 12800000 : 8532289582 	 6404036038 	 0 OK 
[INFO ] Running join algorithm NPO_st ...
time : 0.561203
RUNTIME TOTAL, BUILD, PART (cycles): 

TOTAL-TIME-USECS, TOTAL-TUPLES, CYCLES-PER-TUPLE: 
2250085.0000 	 12800000 	 666.5851 
[INFO ] Results = 12800000. DONE.

---------------------------------

g500-s16

***************
no prefetching
SCALE: 16
nvtx: 65536
edgefactor: 10
terasize: 1.04857599999999994e-05
A: 5.69999999999999951e-01
B: 1.90000000000000002e-01
C: 1.90000000000000002e-01
D: 5.00000000000000444e-02
generation_time: 1.74085186000000003e-01
construction_time: 6.70023370000000090e-02
nbfs: 64
min_time: 2.40160299999999998e-03
firstquartile_time: 2.60220775000000008e-03
median_time: 2.64062750000000016e-03
thirdquartile_time: 2.68642974999998979e-03
max_time: 3.14728200000000038e-03
mean_time: 2.65188226562499936e-03
stddev_time: 1.20312710549177611e-04
min_nedge: 6.55343000000000000e+05
firstquartile_nedge: 6.55343000000000000e+05
median_nedge: 6.55343000000000000e+05
thirdquartile_nedge: 6.55343000000000000e+05
max_nedge: 6.55343000000000000e+05
mean_nedge: 6.55343000000000000e+05
stddev_nedge: 0.00000000000000000e+00
min_TEPS: 2.08225065310321718e+08
firstquartile_TEPS: 2.44648854646893412e+08
median_TEPS: 2.48482820696727872e+08
thirdquartile_TEPS: 2.53365041020916402e+08
max_TEPS: 2.72877324020664513e+08
harmonic_mean_TEPS: 2.47123716046853900e+08
harmonic_stddev_TEPS: 1.41254217423768528e+06
SCALE: 16
nvtx: 65536
edgefactor: 10
terasize: 1.04857599999999994e-05
A: 5.69999999999999951e-01
B: 1.90000000000000002e-01
C: 1.90000000000000002e-01
D: 5.00000000000000444e-02
generation_time: 1.70904564000000009e-01
construction_time: 6.69036220000000098e-02
nbfs: 64
min_time: 2.41396600000000003e-03
firstquartile_time: 2.49682875000000045e-03
median_time: 2.53755900000000000e-03
thirdquartile_time: 2.60669849999999991e-03
max_time: 3.20196200000000004e-03
mean_time: 2.57853240625000035e-03
stddev_time: 1.38307382742578790e-04
min_nedge: 6.55343000000000000e+05
firstquartile_nedge: 6.55343000000000000e+05
median_nedge: 6.55343000000000000e+05
thirdquartile_nedge: 6.55343000000000000e+05
max_nedge: 6.55343000000000000e+05
mean_nedge: 6.55343000000000000e+05
stddev_nedge: 0.00000000000000000e+00
min_TEPS: 2.04669199696935803e+08
firstquartile_TEPS: 2.51834543336969018e+08
median_TEPS: 2.59021708860030293e+08
thirdquartile_TEPS: 2.63080106965685010e+08
max_TEPS: 2.71479797147101462e+08
harmonic_mean_TEPS: 2.54153486072752327e+08
harmonic_stddev_TEPS: 1.71750719657336408e+06
SCALE: 16
nvtx: 65536
edgefactor: 10
terasize: 1.04857599999999994e-05
A: 5.69999999999999951e-01
B: 1.90000000000000002e-01
C: 1.90000000000000002e-01
D: 5.00000000000000444e-02
generation_time: 1.70814393000000009e-01
construction_time: 6.68693299999999491e-02
nbfs: 64
min_time: 2.38629200000000036e-03
firstquartile_time: 2.54082099999999996e-03
median_time: 2.57680400000000025e-03
thirdquartile_time: 2.67828324999999992e-03
max_time: 3.21042300000000001e-03
mean_time: 2.62299135937500011e-03
stddev_time: 1.60904156829645858e-04
min_nedge: 6.55343000000000000e+05
firstquartile_nedge: 6.55343000000000000e+05
median_nedge: 6.55343000000000000e+05
thirdquartile_nedge: 6.55343000000000000e+05
max_nedge: 6.55343000000000000e+05
mean_nedge: 6.55343000000000000e+05
stddev_nedge: 0.00000000000000000e+00
min_TEPS: 2.04129798472039342e+08
firstquartile_TEPS: 2.47821867257443458e+08
median_TEPS: 2.54836343886767179e+08
thirdquartile_TEPS: 2.58433814461146653e+08
max_TEPS: 2.74628167885573030e+08
harmonic_mean_TEPS: 2.49845657195055902e+08
harmonic_stddev_TEPS: 1.93095402767021349e+06

***************
auto prefetching
SCALE: 16
nvtx: 65536
edgefactor: 10
terasize: 1.04857599999999994e-05
A: 5.69999999999999951e-01
B: 1.90000000000000002e-01
C: 1.90000000000000002e-01
D: 5.00000000000000444e-02
generation_time: 1.71593217000000020e-01
construction_time: 6.68006130000000087e-02
nbfs: 64
min_time: 2.37446400000000018e-03
firstquartile_time: 2.50188425000000009e-03
median_time: 2.54033350000000026e-03
thirdquartile_time: 2.59239849999999983e-03
max_time: 3.62464400000000022e-03
mean_time: 2.60630139062499903e-03
stddev_time: 2.39329330456950336e-04
min_nedge: 6.55343000000000000e+05
firstquartile_nedge: 6.55343000000000000e+05
median_nedge: 6.55343000000000000e+05
thirdquartile_nedge: 6.55343000000000000e+05
max_nedge: 6.55343000000000000e+05
mean_nedge: 6.55343000000000000e+05
stddev_nedge: 0.00000000000000000e+00
min_TEPS: 1.80802031868508995e+08
firstquartile_TEPS: 2.54546349489257216e+08
median_TEPS: 2.58715076165683508e+08
thirdquartile_TEPS: 2.62547377770570755e+08
max_TEPS: 2.75996182717446923e+08
harmonic_mean_TEPS: 2.51445593497859687e+08
harmonic_stddev_TEPS: 2.90900886356266635e+06
SCALE: 16
nvtx: 65536
edgefactor: 10
terasize: 1.04857599999999994e-05
A: 5.69999999999999951e-01
B: 1.90000000000000002e-01
C: 1.90000000000000002e-01
D: 5.00000000000000444e-02
generation_time: 1.73177749000000020e-01
construction_time: 6.74093260000000055e-02
nbfs: 64
min_time: 2.28079900000000002e-03
firstquartile_time: 2.49252224999999992e-03
median_time: 2.53962850000000011e-03
thirdquartile_time: 2.68481675000000006e-03
max_time: 3.28854700000000017e-03
mean_time: 2.58777104687499997e-03
stddev_time: 1.75087537438288655e-04
min_nedge: 6.55343000000000000e+05
firstquartile_nedge: 6.55343000000000000e+05
median_nedge: 6.55343000000000000e+05
thirdquartile_nedge: 6.55343000000000000e+05
max_nedge: 6.55343000000000000e+05
mean_nedge: 6.55343000000000000e+05
stddev_nedge: 0.00000000000000000e+00
min_TEPS: 1.99280411683336139e+08
firstquartile_TEPS: 2.46454902403115362e+08
median_TEPS: 2.58734332245301127e+08
thirdquartile_TEPS: 2.64657445950455099e+08
max_TEPS: 2.87330448671715498e+08
harmonic_mean_TEPS: 2.53246128861127079e+08
harmonic_stddev_TEPS: 2.15874788828208530e+06
SCALE: 16
nvtx: 65536
edgefactor: 10
terasize: 1.04857599999999994e-05
A: 5.69999999999999951e-01
B: 1.90000000000000002e-01
C: 1.90000000000000002e-01
D: 5.00000000000000444e-02
generation_time: 1.70680651999999933e-01
construction_time: 6.75392230000000093e-02
nbfs: 64
min_time: 2.39644200000000036e-03
firstquartile_time: 2.51752075000000013e-03
median_time: 2.55064149999999993e-03
thirdquartile_time: 2.59849125000000038e-03
max_time: 3.21117100000000008e-03
mean_time: 2.59232437500000025e-03
stddev_time: 1.42804993320006093e-04
min_nedge: 6.55343000000000000e+05
firstquartile_nedge: 6.55343000000000000e+05
median_nedge: 6.55343000000000000e+05
thirdquartile_nedge: 6.55343000000000000e+05
max_nedge: 6.55343000000000000e+05
mean_nedge: 6.55343000000000000e+05
stddev_nedge: 0.00000000000000000e+00
min_TEPS: 2.04082249123450607e+08
firstquartile_TEPS: 2.53998704647718579e+08
median_TEPS: 2.57080428159192204e+08
thirdquartile_TEPS: 2.60969939143475473e+08
max_TEPS: 2.73464995188700557e+08
harmonic_mean_TEPS: 2.52801310792751372e+08
harmonic_stddev_TEPS: 1.75453928426184319e+06

***************
manual prefetching (best for out of order)
SCALE: 16
nvtx: 65536
edgefactor: 10
terasize: 1.04857599999999994e-05
A: 5.69999999999999951e-01
B: 1.90000000000000002e-01
C: 1.90000000000000002e-01
D: 5.00000000000000444e-02
generation_time: 1.71381468000000009e-01
construction_time: 6.80508979999999986e-02
nbfs: 64
min_time: 1.99602100000000017e-03
firstquartile_time: 2.06378650000000035e-03
median_time: 2.09713400000000006e-03
thirdquartile_time: 2.14296150000000026e-03
max_time: 2.47988200000000009e-03
mean_time: 2.10889015624999947e-03
stddev_time: 7.72243534239877935e-05
min_nedge: 6.55343000000000000e+05
firstquartile_nedge: 6.55343000000000000e+05
median_nedge: 6.55343000000000000e+05
thirdquartile_nedge: 6.55343000000000000e+05
max_nedge: 6.55343000000000000e+05
mean_nedge: 6.55343000000000000e+05
stddev_nedge: 0.00000000000000000e+00
min_TEPS: 2.64263783518731922e+08
firstquartile_TEPS: 3.06990284763920486e+08
median_TEPS: 3.12866530384738088e+08
thirdquartile_TEPS: 3.17709636279052913e+08
max_TEPS: 3.28324701994618237e+08
harmonic_mean_TEPS: 3.10752552975695133e+08
harmonic_stddev_TEPS: 1.43365532341462513e+06
SCALE: 16
nvtx: 65536
edgefactor: 10
terasize: 1.04857599999999994e-05
A: 5.69999999999999951e-01
B: 1.90000000000000002e-01
C: 1.90000000000000002e-01
D: 5.00000000000000444e-02
generation_time: 1.72132011000000001e-01
construction_time: 6.89755490000000110e-02
nbfs: 64
min_time: 2.03887399999999998e-03
firstquartile_time: 2.08577025000000011e-03
median_time: 2.10594799999999985e-03
thirdquartile_time: 2.15694100000000033e-03
max_time: 2.57101300000000003e-03
mean_time: 2.12690242187500017e-03
stddev_time: 8.43130866060626575e-05
min_nedge: 6.55343000000000000e+05
firstquartile_nedge: 6.55343000000000000e+05
median_nedge: 6.55343000000000000e+05
thirdquartile_nedge: 6.55343000000000000e+05
max_nedge: 6.55343000000000000e+05
mean_nedge: 6.55343000000000000e+05
stddev_nedge: 0.00000000000000000e+00
min_TEPS: 2.54896805267028987e+08
firstquartile_TEPS: 3.04765523865302324e+08
median_TEPS: 3.12056659235140920e+08
thirdquartile_TEPS: 3.14717797243562162e+08
max_TEPS: 3.21423982060686469e+08
harmonic_mean_TEPS: 3.08120858418259442e+08
harmonic_stddev_TEPS: 1.53885693916775961e+06
SCALE: 16
nvtx: 65536
edgefactor: 10
terasize: 1.04857599999999994e-05
A: 5.69999999999999951e-01
B: 1.90000000000000002e-01
C: 1.90000000000000002e-01
D: 5.00000000000000444e-02
generation_time: 1.71802008999999978e-01
construction_time: 6.80372560000000043e-02
nbfs: 64
min_time: 2.07308000000000015e-03
firstquartile_time: 2.15089175000000030e-03
median_time: 2.17301550000000010e-03
thirdquartile_time: 2.21471024999999981e-03
max_time: 2.50939200000000005e-03
mean_time: 2.19288278125000019e-03
stddev_time: 7.82928974172187724e-05
min_nedge: 6.55343000000000000e+05
firstquartile_nedge: 6.55343000000000000e+05
median_nedge: 6.55343000000000000e+05
thirdquartile_nedge: 6.55343000000000000e+05
max_nedge: 6.55343000000000000e+05
mean_nedge: 6.55343000000000000e+05
stddev_nedge: 0.00000000000000000e+00
min_TEPS: 2.61156088805575222e+08
firstquartile_TEPS: 2.96405955478733122e+08
median_TEPS: 3.01981483074192882e+08
thirdquartile_TEPS: 3.04968359652235985e+08
max_TEPS: 3.16120458448299110e+08
harmonic_mean_TEPS: 2.98849991255089998e+08
harmonic_stddev_TEPS: 1.34428056785445358e+06

***************
manual prefetching (best for in order)
SCALE: 16
nvtx: 65536
edgefactor: 10
terasize: 1.04857599999999994e-05
A: 5.69999999999999951e-01
B: 1.90000000000000002e-01
C: 1.90000000000000002e-01
D: 5.00000000000000444e-02
generation_time: 1.70974269000000012e-01
construction_time: 6.67665389999999997e-02
nbfs: 64
min_time: 2.30988700000000005e-03
firstquartile_time: 2.45129500000000004e-03
median_time: 2.48139600000000030e-03
thirdquartile_time: 2.55283375000000048e-03
max_time: 4.11636100000000067e-03
mean_time: 2.55097339062499914e-03
stddev_time: 2.79496616515546739e-04
min_nedge: 6.55343000000000000e+05
firstquartile_nedge: 6.55343000000000000e+05
median_nedge: 6.55343000000000000e+05
thirdquartile_nedge: 6.55343000000000000e+05
max_nedge: 6.55343000000000000e+05
mean_nedge: 6.55343000000000000e+05
stddev_nedge: 0.00000000000000000e+00
min_TEPS: 1.59204452670696259e+08
firstquartile_TEPS: 2.58115706670184582e+08
median_TEPS: 2.64819717909087539e+08
thirdquartile_TEPS: 2.67621035441123843e+08
max_TEPS: 2.83712146957838178e+08
harmonic_mean_TEPS: 2.56899190876874745e+08
harmonic_stddev_TEPS: 3.54619887802777439e+06
SCALE: 16
nvtx: 65536
edgefactor: 10
terasize: 1.04857599999999994e-05
A: 5.69999999999999951e-01
B: 1.90000000000000002e-01
C: 1.90000000000000002e-01
D: 5.00000000000000444e-02
generation_time: 1.72016503000000015e-01
construction_time: 6.71773459999999989e-02
nbfs: 64
min_time: 2.32255600000000036e-03
firstquartile_time: 2.43365550000000045e-03
median_time: 2.45544250000000013e-03
thirdquartile_time: 2.48653100000000016e-03
max_time: 2.89674600000000039e-03
mean_time: 2.46690010937499881e-03
stddev_time: 8.28474087667741742e-05
min_nedge: 6.55343000000000000e+05
firstquartile_nedge: 6.55343000000000000e+05
median_nedge: 6.55343000000000000e+05
thirdquartile_nedge: 6.55343000000000000e+05
max_nedge: 6.55343000000000000e+05
mean_nedge: 6.55343000000000000e+05
stddev_nedge: 0.00000000000000000e+00
min_TEPS: 2.26234195196955442e+08
firstquartile_TEPS: 2.64027488374334574e+08
median_TEPS: 2.67083534030633569e+08
thirdquartile_TEPS: 2.70085756973474264e+08
max_TEPS: 2.82164563523979545e+08
harmonic_mean_TEPS: 2.65654453339837253e+08
harmonic_stddev_TEPS: 1.12402039429603168e+06
SCALE: 16
nvtx: 65536
edgefactor: 10
terasize: 1.04857599999999994e-05
A: 5.69999999999999951e-01
B: 1.90000000000000002e-01
C: 1.90000000000000002e-01
D: 5.00000000000000444e-02
generation_time: 1.71288287000000011e-01
construction_time: 6.67583650000000001e-02
nbfs: 64
min_time: 2.33465600000000006e-03
firstquartile_time: 2.43322900000000029e-03
median_time: 2.46488050000000019e-03
thirdquartile_time: 2.53111274999999990e-03
max_time: 2.84554400000000020e-03
mean_time: 2.48847510937500035e-03
stddev_time: 9.84524757708029751e-05
min_nedge: 6.55343000000000000e+05
firstquartile_nedge: 6.55343000000000000e+05
median_nedge: 6.55343000000000000e+05
thirdquartile_nedge: 6.55343000000000000e+05
max_nedge: 6.55343000000000000e+05
mean_nedge: 6.55343000000000000e+05
stddev_nedge: 0.00000000000000000e+00
min_TEPS: 2.30304996162420958e+08
firstquartile_TEPS: 2.60307276364476085e+08
median_TEPS: 2.66471983707308769e+08
thirdquartile_TEPS: 2.69562555345532417e+08
max_TEPS: 2.80702167685517669e+08
harmonic_mean_TEPS: 2.63351237684107065e+08
harmonic_stddev_TEPS: 1.31267867396906577e+06

---------------------------------

g500-s21

***************
no prefetching
SCALE: 21
nvtx: 2097152
edgefactor: 10
terasize: 3.35544319999999980e-04
A: 5.69999999999999951e-01
B: 1.90000000000000002e-01
C: 1.90000000000000002e-01
D: 5.00000000000000444e-02
generation_time: 6.70938473100000010e+00
construction_time: 4.53720712600000020e+00
nbfs: 64
min_time: 2.34283259999999993e-01
firstquartile_time: 2.37467174750000010e-01
median_time: 2.38970558000000000e-01
thirdquartile_time: 2.40575682000000013e-01
max_time: 2.45493921000000004e-01
mean_time: 2.39176299843749995e-01
stddev_time: 2.51113873025319472e-03
min_nedge: 2.09708540000000000e+07
firstquartile_nedge: 2.09708540000000000e+07
median_nedge: 2.09708540000000000e+07
thirdquartile_nedge: 2.09708540000000000e+07
max_nedge: 2.09708540000000000e+07
mean_nedge: 2.09708540000000000e+07
stddev_nedge: 0.00000000000000000e+00
min_TEPS: 8.54231091123433560e+07
firstquartile_TEPS: 8.72578322310322672e+07
median_TEPS: 8.78290006848886609e+07
thirdquartile_TEPS: 8.83372646546764970e+07
max_TEPS: 8.95106803618833125e+07
harmonic_mean_TEPS: 8.76794816781592518e+07
harmonic_stddev_TEPS: 1.15979241077034807e+05
SCALE: 21
nvtx: 2097152
edgefactor: 10
terasize: 3.35544319999999980e-04
A: 5.69999999999999951e-01
B: 1.90000000000000002e-01
C: 1.90000000000000002e-01
D: 5.00000000000000444e-02
generation_time: 6.81275446899999970e+00
construction_time: 4.55119778300000011e+00
nbfs: 64
min_time: 2.32544572000000005e-01
firstquartile_time: 2.36688948750000017e-01
median_time: 2.38488829000000013e-01
thirdquartile_time: 2.39988194250000009e-01
max_time: 2.46129630999999960e-01
mean_time: 2.38378862531249985e-01
stddev_time: 2.78486179600992943e-03
min_nedge: 2.09708540000000000e+07
firstquartile_nedge: 2.09708540000000000e+07
median_nedge: 2.09708540000000000e+07
thirdquartile_nedge: 2.09708540000000000e+07
max_nedge: 2.09708540000000000e+07
mean_nedge: 2.09708540000000000e+07
stddev_nedge: 0.00000000000000000e+00
min_TEPS: 8.52024760887079239e+07
firstquartile_TEPS: 8.74382470623720586e+07
median_TEPS: 8.80048749007380307e+07
thirdquartile_TEPS: 8.87212054183346331e+07
max_TEPS: 9.01799333333826363e+07
harmonic_mean_TEPS: 8.79727916196883917e+07
harmonic_stddev_TEPS: 1.29483372688774383e+05
SCALE: 21
nvtx: 2097152
edgefactor: 10
terasize: 3.35544319999999980e-04
A: 5.69999999999999951e-01
B: 1.90000000000000002e-01
C: 1.90000000000000002e-01
D: 5.00000000000000444e-02
generation_time: 6.72800108199999958e+00
construction_time: 4.55243194799999973e+00
nbfs: 64
min_time: 2.35742978000000020e-01
firstquartile_time: 2.38259000749999977e-01
median_time: 2.39704548500000003e-01
thirdquartile_time: 2.41216876500000010e-01
max_time: 3.07237563000000047e-01
mean_time: 2.41028979562499995e-01
stddev_time: 8.88886051863167596e-03
min_nedge: 2.09708540000000000e+07
firstquartile_nedge: 2.09708540000000000e+07
median_nedge: 2.09708540000000000e+07
thirdquartile_nedge: 2.09708540000000000e+07
max_nedge: 2.09708540000000000e+07
mean_nedge: 2.09708540000000000e+07
stddev_nedge: 0.00000000000000000e+00
min_TEPS: 6.82561526501887888e+07
firstquartile_TEPS: 8.71813636265037060e+07
median_TEPS: 8.75034273846212626e+07
thirdquartile_TEPS: 8.80417532913900763e+07
max_TEPS: 8.89564311858315319e+07
harmonic_mean_TEPS: 8.70055295345187038e+07
harmonic_stddev_TEPS: 4.04253146735414921e+05

***************
auto prefetching
SCALE: 21
nvtx: 2097152
edgefactor: 10
terasize: 3.35544319999999980e-04
A: 5.69999999999999951e-01
B: 1.90000000000000002e-01
C: 1.90000000000000002e-01
D: 5.00000000000000444e-02
generation_time: 6.71606758400000015e+00
construction_time: 4.54540346000000017e+00
nbfs: 64
min_time: 2.33068387000000016e-01
firstquartile_time: 2.37802636249999977e-01
median_time: 2.39348883999999984e-01
thirdquartile_time: 2.40710067500000013e-01
max_time: 2.43897969000000020e-01
mean_time: 2.39124920374999994e-01
stddev_time: 2.07433398161638218e-03
min_nedge: 2.09708540000000000e+07
firstquartile_nedge: 2.09708540000000000e+07
median_nedge: 2.09708540000000000e+07
thirdquartile_nedge: 2.09708540000000000e+07
max_nedge: 2.09708540000000000e+07
mean_nedge: 2.09708540000000000e+07
stddev_nedge: 0.00000000000000000e+00
min_TEPS: 8.59820772021270841e+07
firstquartile_TEPS: 8.72490901467534304e+07
median_TEPS: 8.77620451982184947e+07
thirdquartile_TEPS: 8.82195495211239010e+07
max_TEPS: 8.99772563320653141e+07
harmonic_mean_TEPS: 8.76983208906588703e+07
harmonic_stddev_TEPS: 9.58461885142999527e+04
SCALE: 21
nvtx: 2097152
edgefactor: 10
terasize: 3.35544319999999980e-04
A: 5.69999999999999951e-01
B: 1.90000000000000002e-01
C: 1.90000000000000002e-01
D: 5.00000000000000444e-02
generation_time: 6.75702144100000002e+00
construction_time: 4.57278233599999950e+00
nbfs: 64
min_time: 2.36999222999999981e-01
firstquartile_time: 2.40776396000000004e-01
median_time: 2.42444471500000036e-01
thirdquartile_time: 2.43917863000000013e-01
max_time: 2.62227965000000007e-01
mean_time: 2.42446493124999995e-01
stddev_time: 3.29154748314956606e-03
min_nedge: 2.09708540000000000e+07
firstquartile_nedge: 2.09708540000000000e+07
median_nedge: 2.09708540000000000e+07
thirdquartile_nedge: 2.09708540000000000e+07
max_nedge: 2.09708540000000000e+07
mean_nedge: 2.09708540000000000e+07
stddev_nedge: 0.00000000000000000e+00
min_TEPS: 7.99718443454343230e+07
firstquartile_TEPS: 8.60618615069222301e+07
median_TEPS: 8.65752062201784253e+07
thirdquartile_TEPS: 8.71848070506296754e+07
max_TEPS: 8.84849061298399419e+07
harmonic_mean_TEPS: 8.64968337124509215e+07
harmonic_stddev_TEPS: 1.47949721915849368e+05
SCALE: 21
nvtx: 2097152
edgefactor: 10
terasize: 3.35544319999999980e-04
A: 5.69999999999999951e-01
B: 1.90000000000000002e-01
C: 1.90000000000000002e-01
D: 5.00000000000000444e-02
generation_time: 6.72469780199999967e+00
construction_time: 4.55005811499999968e+00
nbfs: 64
min_time: 2.32475692999999928e-01
firstquartile_time: 2.37086616249999937e-01
median_time: 2.38756533500000034e-01
thirdquartile_time: 2.40897883250000028e-01
max_time: 2.45367012000000023e-01
mean_time: 2.38770516468749999e-01
stddev_time: 2.91906938718654351e-03
min_nedge: 2.09708540000000000e+07
firstquartile_nedge: 2.09708540000000000e+07
median_nedge: 2.09708540000000000e+07
thirdquartile_nedge: 2.09708540000000000e+07
max_nedge: 2.09708540000000000e+07
mean_nedge: 2.09708540000000000e+07
stddev_nedge: 0.00000000000000000e+00
min_TEPS: 8.54672917482485324e+07
firstquartile_TEPS: 8.71379111123999208e+07
median_TEPS: 8.78520396049928069e+07
thirdquartile_TEPS: 8.86026848541215062e+07
max_TEPS: 9.02066522713839412e+07
harmonic_mean_TEPS: 8.78284903435497731e+07
harmonic_stddev_TEPS: 1.35278526068661915e+05

***************
manual prefetching (best for out of order)
SCALE: 21
nvtx: 2097152
edgefactor: 10
terasize: 3.35544319999999980e-04
A: 5.69999999999999951e-01
B: 1.90000000000000002e-01
C: 1.90000000000000002e-01
D: 5.00000000000000444e-02
generation_time: 6.78378756700000007e+00
construction_time: 4.65390420399999982e+00
nbfs: 64
min_time: 1.90792400000000001e-01
firstquartile_time: 1.92615066250000022e-01
median_time: 1.93964183499999998e-01
thirdquartile_time: 1.96007465000000020e-01
max_time: 2.01057939999999991e-01
mean_time: 1.94182572328124997e-01
stddev_time: 2.02426101406298240e-03
min_nedge: 2.09708540000000000e+07
firstquartile_nedge: 2.09708540000000000e+07
median_nedge: 2.09708540000000000e+07
thirdquartile_nedge: 2.09708540000000000e+07
max_nedge: 2.09708540000000000e+07
mean_nedge: 2.09708540000000000e+07
stddev_nedge: 0.00000000000000000e+00
min_TEPS: 1.04302540849667519e+08
firstquartile_TEPS: 1.07014635590806931e+08
median_TEPS: 1.08309212542606145e+08
thirdquartile_TEPS: 1.08978974831441641e+08
max_TEPS: 1.09914514414620295e+08
harmonic_mean_TEPS: 1.07995551550135821e+08
harmonic_stddev_TEPS: 1.41837756475919043e+05
SCALE: 21
nvtx: 2097152
edgefactor: 10
terasize: 3.35544319999999980e-04
A: 5.69999999999999951e-01
B: 1.90000000000000002e-01
C: 1.90000000000000002e-01
D: 5.00000000000000444e-02
generation_time: 6.70690345700000012e+00
construction_time: 4.60011089099999992e+00
nbfs: 64
min_time: 1.90452859000000002e-01
firstquartile_time: 1.93895413749999995e-01
median_time: 1.94799045000000004e-01
thirdquartile_time: 1.95581915000000023e-01
max_time: 1.99530960000000007e-01
mean_time: 1.94628213203125011e-01
stddev_time: 1.38715579805942686e-03
min_nedge: 2.09708540000000000e+07
firstquartile_nedge: 2.09708540000000000e+07
median_nedge: 2.09708540000000000e+07
thirdquartile_nedge: 2.09708540000000000e+07
max_nedge: 2.09708540000000000e+07
mean_nedge: 2.09708540000000000e+07
stddev_nedge: 0.00000000000000000e+00
min_TEPS: 1.05100752284257039e+08
firstquartile_TEPS: 1.07276505785915107e+08
median_TEPS: 1.07737995468390286e+08
thirdquartile_TEPS: 1.08200973502364263e+08
max_TEPS: 1.10110470959115401e+08
harmonic_mean_TEPS: 1.07748273772177279e+08
harmonic_stddev_TEPS: 9.67518977424369950e+04
SCALE: 21
nvtx: 2097152
edgefactor: 10
terasize: 3.35544319999999980e-04
A: 5.69999999999999951e-01
B: 1.90000000000000002e-01
C: 1.90000000000000002e-01
D: 5.00000000000000444e-02
generation_time: 6.71142912600000052e+00
construction_time: 4.60909751400000012e+00
nbfs: 64
min_time: 1.89051426000000022e-01
firstquartile_time: 1.93131950250000017e-01
median_time: 1.94579111500000013e-01
thirdquartile_time: 1.95854161500000012e-01
max_time: 2.01526947999999928e-01
mean_time: 1.94388227125000007e-01
stddev_time: 2.09410914414671521e-03
min_nedge: 2.09708540000000000e+07
firstquartile_nedge: 2.09708540000000000e+07
median_nedge: 2.09708540000000000e+07
thirdquartile_nedge: 2.09708540000000000e+07
max_nedge: 2.09708540000000000e+07
mean_nedge: 2.09708540000000000e+07
stddev_nedge: 0.00000000000000000e+00
min_TEPS: 1.04059800478891820e+08
firstquartile_TEPS: 1.07298581415216431e+08
median_TEPS: 1.07838012063602105e+08
thirdquartile_TEPS: 1.08644866763893291e+08
max_TEPS: 1.10926716839469895e+08
harmonic_mean_TEPS: 1.07881296671916440e+08
harmonic_stddev_TEPS: 1.46421630047576298e+05

***************
manual prefetching (best for in order)
SCALE: 21
nvtx: 2097152
edgefactor: 10
terasize: 3.35544319999999980e-04
A: 5.69999999999999951e-01
B: 1.90000000000000002e-01
C: 1.90000000000000002e-01
D: 5.00000000000000444e-02
generation_time: 6.73934882100000010e+00
construction_time: 4.56017247399999981e+00
nbfs: 64
min_time: 2.29570302000000004e-01
firstquartile_time: 2.32065672250000021e-01
median_time: 2.34598094500000021e-01
thirdquartile_time: 2.36675066000000017e-01
max_time: 2.44711130000000027e-01
mean_time: 2.34528757828124990e-01
stddev_time: 3.05597993375253570e-03
min_nedge: 2.09708540000000000e+07
firstquartile_nedge: 2.09708540000000000e+07
median_nedge: 2.09708540000000000e+07
thirdquartile_nedge: 2.09708540000000000e+07
max_nedge: 2.09708540000000000e+07
mean_nedge: 2.09708540000000000e+07
stddev_nedge: 0.00000000000000000e+00
min_TEPS: 8.56963637085080594e+07
firstquartile_TEPS: 8.86405340995749235e+07
median_TEPS: 8.95202322646988332e+07
thirdquartile_TEPS: 9.04122917217852622e+07
max_TEPS: 9.13482877240802646e+07
harmonic_mean_TEPS: 8.94169832058230788e+07
harmonic_stddev_TEPS: 1.46792590099164052e+05
SCALE: 21
nvtx: 2097152
edgefactor: 10
terasize: 3.35544319999999980e-04
A: 5.69999999999999951e-01
B: 1.90000000000000002e-01
C: 1.90000000000000002e-01
D: 5.00000000000000444e-02
generation_time: 6.75079181100000003e+00
construction_time: 4.57441390500000011e+00
nbfs: 64
min_time: 2.29326502000000015e-01
firstquartile_time: 2.31905955749999948e-01
median_time: 2.33871937500000016e-01
thirdquartile_time: 2.36350536750000007e-01
max_time: 2.48385888999999915e-01
mean_time: 2.34155278421875002e-01
stddev_time: 3.02709110046698888e-03
min_nedge: 2.09708540000000000e+07
firstquartile_nedge: 2.09708540000000000e+07
median_nedge: 2.09708540000000000e+07
thirdquartile_nedge: 2.09708540000000000e+07
max_nedge: 2.09708540000000000e+07
mean_nedge: 2.09708540000000000e+07
stddev_nedge: 0.00000000000000000e+00
min_TEPS: 8.44285240374504775e+07
firstquartile_TEPS: 8.87968077461876869e+07
median_TEPS: 8.98231226502659023e+07
thirdquartile_TEPS: 9.05187023452608734e+07
max_TEPS: 9.14454012820550501e+07
harmonic_mean_TEPS: 8.95596039574091583e+07
harmonic_stddev_TEPS: 1.45869142079607089e+05
SCALE: 21
nvtx: 2097152
edgefactor: 10
terasize: 3.35544319999999980e-04
A: 5.69999999999999951e-01
B: 1.90000000000000002e-01
C: 1.90000000000000002e-01
D: 5.00000000000000444e-02
generation_time: 6.70384141500000030e+00
construction_time: 4.56522027499999972e+00
nbfs: 64
min_time: 2.31389277000000004e-01
firstquartile_time: 2.35391024000000004e-01
median_time: 2.36363132000000031e-01
thirdquartile_time: 2.37088028999999978e-01
max_time: 2.45270170999999926e-01
mean_time: 2.36384116281250001e-01
stddev_time: 2.01594104756207693e-03
min_nedge: 2.09708540000000000e+07
firstquartile_nedge: 2.09708540000000000e+07
median_nedge: 2.09708540000000000e+07
thirdquartile_nedge: 2.09708540000000000e+07
max_nedge: 2.09708540000000000e+07
mean_nedge: 2.09708540000000000e+07
stddev_nedge: 0.00000000000000000e+00
min_TEPS: 8.55010371399790198e+07
firstquartile_TEPS: 8.85027071079834402e+07
median_TEPS: 8.87289733869604170e+07
thirdquartile_TEPS: 8.91474685428877920e+07
max_TEPS: 9.06301894015598595e+07
harmonic_mean_TEPS: 8.87151570499299616e+07
harmonic_stddev_TEPS: 9.53206703347761068e+04
SCALE: 21
nvtx: 2097152
edgefactor: 10
terasize: 3.35544319999999980e-04
A: 5.69999999999999951e-01
B: 1.90000000000000002e-01
C: 1.90000000000000002e-01
D: 5.00000000000000444e-02
generation_time: 6.72096358699999996e+00
construction_time: 4.55818894500000038e+00
nbfs: 64
min_time: 2.29973552000000026e-01
firstquartile_time: 2.34013326999999993e-01
median_time: 2.35616990000000026e-01
thirdquartile_time: 2.36846018250000012e-01
max_time: 2.62177167999999905e-01
mean_time: 2.35793437984374993e-01
stddev_time: 3.99624569767515706e-03
min_nedge: 2.09708540000000000e+07
firstquartile_nedge: 2.09708540000000000e+07
median_nedge: 2.09708540000000000e+07
thirdquartile_nedge: 2.09708540000000000e+07
max_nedge: 2.09708540000000000e+07
mean_nedge: 2.09708540000000000e+07
stddev_nedge: 0.00000000000000000e+00
min_TEPS: 7.99873389432599545e+07
firstquartile_TEPS: 8.86327525935069025e+07
median_TEPS: 8.91307736016230136e+07
thirdquartile_TEPS: 8.96461952151087970e+07
max_TEPS: 9.11881119268880039e+07
harmonic_mean_TEPS: 8.89373944383882582e+07
harmonic_stddev_TEPS: 1.89904210645803018e+05
